[debug] [2022-04-06T19:39:35.612Z] ----------------------------------------------------------------------
[debug] [2022-04-06T19:39:35.614Z] Command:       C:\Program Files\nodejs\node.exe C:\Users\User\AppData\Roaming\npm\node_modules\firebase-tools\lib\bin\firebase.js init
[debug] [2022-04-06T19:39:35.615Z] CLI Version:   10.6.0
[debug] [2022-04-06T19:39:35.615Z] Platform:      win32
[debug] [2022-04-06T19:39:35.615Z] Node Version:  v14.16.1
[debug] [2022-04-06T19:39:35.616Z] Time:          Thu Apr 07 2022 01:39:35 GMT+0600 (Bangladesh Standard Time)
[debug] [2022-04-06T19:39:35.616Z] ----------------------------------------------------------------------
[debug] 
[debug] [2022-04-06T19:39:35.622Z] > command requires scopes: ["email","openid","https://www.googleapis.com/auth/cloudplatformprojects.readonly","https://www.googleapis.com/auth/firebase","https://www.googleapis.com/auth/cloud-platform"]
[debug] [2022-04-06T19:39:35.622Z] > authorizing via signed-in user (sehabur@gmail.com)
[info] 
     ######## #### ########  ######## ########     ###     ######  ########
     ##        ##  ##     ## ##       ##     ##  ##   ##  ##       ##
     ######    ##  ########  ######   ########  #########  ######  ######
     ##        ##  ##    ##  ##       ##     ## ##     ##       ## ##
     ##       #### ##     ## ######## ########  ##     ##  ######  ########

You're about to initialize a Firebase project in this directory:

  E:\MERN_APP\monmart\monmart-frontend

[info] 
=== Project Setup
[info] 
[info] First, let's associate this project directory with a Firebase project.
[info] You can create multiple project aliases by running firebase use --add, 
[info] but for now we'll just set up a default project.
[info] 
[info] i  If you want to create a project in a Google Cloud organization or folder, please use "firebase projects:create" instead, and return to this command when you've created the project. 
[debug] [2022-04-06T19:40:15.969Z] > refreshing access token with scopes: ["email","https://www.googleapis.com/auth/cloud-platform","https://www.googleapis.com/auth/cloudplatformprojects.readonly","https://www.googleapis.com/auth/firebase","openid"]
[debug] [2022-04-06T19:40:15.969Z] >>> HTTP REQUEST POST https://www.googleapis.com/oauth2/v3/token  
 <request body omitted>
[debug] [2022-04-06T19:40:16.360Z] <<< HTTP RESPONSE 200 {"pragma":"no-cache","date":"Wed, 06 Apr 2022 19:40:16 GMT","cache-control":"no-cache, no-store, max-age=0, must-revalidate","expires":"Mon, 01 Jan 1990 00:00:00 GMT","content-type":"application/json; charset=utf-8","vary":"X-Origin, Referer, Origin,Accept-Encoding","server":"scaffolding on HTTPServer2","x-xss-protection":"0","x-frame-options":"SAMEORIGIN","x-content-type-options":"nosniff","alt-svc":"h3=\":443\"; ma=2592000,h3-29=\":443\"; ma=2592000,h3-Q050=\":443\"; ma=2592000,h3-Q046=\":443\"; ma=2592000,h3-Q043=\":443\"; ma=2592000,quic=\":443\"; ma=2592000; v=\"46,43\"","accept-ranges":"none","transfer-encoding":"chunked"}
[debug] [2022-04-06T19:40:16.373Z] >>> HTTP REQUEST POST https://cloudresourcemanager.googleapis.com/v1/projects  
 {"projectId":"monmart-frontend","name":"monmart-frontend"}
[debug] [2022-04-06T19:40:18.424Z] <<< HTTP RESPONSE 200 {"content-type":"application/json; charset=UTF-8","vary":"X-Origin, Referer, Origin,Accept-Encoding","date":"Wed, 06 Apr 2022 19:40:18 GMT","server":"ESF","cache-control":"private","x-xss-protection":"0","x-frame-options":"SAMEORIGIN","x-content-type-options":"nosniff","server-timing":"gfet4t7; dur=1698","alt-svc":"h3=\":443\"; ma=2592000,h3-29=\":443\"; ma=2592000,h3-Q050=\":443\"; ma=2592000,h3-Q046=\":443\"; ma=2592000,h3-Q043=\":443\"; ma=2592000,quic=\":443\"; ma=2592000; v=\"46,43\"","accept-ranges":"none","transfer-encoding":"chunked"}
[debug] [2022-04-06T19:40:18.427Z] > refreshing access token with scopes: []
[debug] [2022-04-06T19:40:18.427Z] >>> HTTP REQUEST POST https://www.googleapis.com/oauth2/v3/token  
 <request body omitted>
[debug] [2022-04-06T19:40:18.781Z] <<< HTTP RESPONSE 200 {"date":"Wed, 06 Apr 2022 19:40:18 GMT","expires":"Mon, 01 Jan 1990 00:00:00 GMT","cache-control":"no-cache, no-store, max-age=0, must-revalidate","pragma":"no-cache","content-type":"application/json; charset=utf-8","vary":"X-Origin, Referer, Origin,Accept-Encoding","server":"scaffolding on HTTPServer2","x-xss-protection":"0","x-frame-options":"SAMEORIGIN","x-content-type-options":"nosniff","alt-svc":"h3=\":443\"; ma=2592000,h3-29=\":443\"; ma=2592000,h3-Q050=\":443\"; ma=2592000,h3-Q046=\":443\"; ma=2592000,h3-Q043=\":443\"; ma=2592000,quic=\":443\"; ma=2592000; v=\"46,43\"","accept-ranges":"none","transfer-encoding":"chunked"}
[debug] [2022-04-06T19:40:18.797Z] >>> [apiv2][query] GET https://cloudresourcemanager.googleapis.com/v1/operations/cp.7647406925288720143 [none]
[debug] [2022-04-06T19:40:20.663Z] <<< [apiv2][status] GET https://cloudresourcemanager.googleapis.com/v1/operations/cp.7647406925288720143 200
[debug] [2022-04-06T19:40:20.663Z] <<< [apiv2][body] GET https://cloudresourcemanager.googleapis.com/v1/operations/cp.7647406925288720143 {"name":"operations/cp.7647406925288720143","metadata":{"@type":"type.googleapis.com/google.cloudresourcemanager.v1.ProjectCreationStatus","gettable":true}}
[debug] [2022-04-06T19:40:21.163Z] [Project Creation Poller] Retrying task index 0
[debug] [2022-04-06T19:40:21.164Z] >>> [apiv2][query] GET https://cloudresourcemanager.googleapis.com/v1/operations/cp.7647406925288720143 [none]
[debug] [2022-04-06T19:40:23.169Z] <<< [apiv2][status] GET https://cloudresourcemanager.googleapis.com/v1/operations/cp.7647406925288720143 200
[debug] [2022-04-06T19:40:23.170Z] <<< [apiv2][body] GET https://cloudresourcemanager.googleapis.com/v1/operations/cp.7647406925288720143 {"name":"operations/cp.7647406925288720143","metadata":{"@type":"type.googleapis.com/google.cloudresourcemanager.v1.ProjectCreationStatus","gettable":true,"ready":true},"done":true,"response":{"@type":"type.googleapis.com/google.cloudresourcemanager.v1.Project","projectNumber":"26852730300","projectId":"monmart-frontend","lifecycleState":"ACTIVE","name":"monmart-frontend","createTime":"2022-04-06T19:40:17.818Z"}}
[debug] [2022-04-06T19:40:23.174Z] > refreshing access token with scopes: ["email","https://www.googleapis.com/auth/cloud-platform","https://www.googleapis.com/auth/cloudplatformprojects.readonly","https://www.googleapis.com/auth/firebase","openid"]
[debug] [2022-04-06T19:40:23.174Z] >>> HTTP REQUEST POST https://www.googleapis.com/oauth2/v3/token  
 <request body omitted>
[debug] [2022-04-06T19:40:23.518Z] <<< HTTP RESPONSE 200 {"pragma":"no-cache","expires":"Mon, 01 Jan 1990 00:00:00 GMT","cache-control":"no-cache, no-store, max-age=0, must-revalidate","date":"Wed, 06 Apr 2022 19:40:23 GMT","content-type":"application/json; charset=utf-8","vary":"X-Origin, Referer, Origin,Accept-Encoding","server":"scaffolding on HTTPServer2","x-xss-protection":"0","x-frame-options":"SAMEORIGIN","x-content-type-options":"nosniff","alt-svc":"h3=\":443\"; ma=2592000,h3-29=\":443\"; ma=2592000,h3-Q050=\":443\"; ma=2592000,h3-Q046=\":443\"; ma=2592000,h3-Q043=\":443\"; ma=2592000,quic=\":443\"; ma=2592000; v=\"46,43\"","accept-ranges":"none","transfer-encoding":"chunked"}
[debug] [2022-04-06T19:40:23.535Z] >>> HTTP REQUEST POST https://firebase.googleapis.com/v1beta1/projects/monmart-frontend:addFirebase  
 
[debug] [2022-04-06T19:40:26.542Z] <<< HTTP RESPONSE 200 {"content-type":"application/json; charset=UTF-8","vary":"X-Origin, Referer, Origin,Accept-Encoding","date":"Wed, 06 Apr 2022 19:40:26 GMT","server":"ESF","cache-control":"private","x-xss-protection":"0","x-frame-options":"SAMEORIGIN","x-content-type-options":"nosniff","alt-svc":"h3=\":443\"; ma=2592000,h3-29=\":443\"; ma=2592000,h3-Q050=\":443\"; ma=2592000,h3-Q046=\":443\"; ma=2592000,h3-Q043=\":443\"; ma=2592000,quic=\":443\"; ma=2592000; v=\"46,43\"","accept-ranges":"none","transfer-encoding":"chunked"}
[debug] [2022-04-06T19:40:26.543Z] > refreshing access token with scopes: []
[debug] [2022-04-06T19:40:26.543Z] >>> HTTP REQUEST POST https://www.googleapis.com/oauth2/v3/token  
 <request body omitted>
[debug] [2022-04-06T19:40:26.897Z] <<< HTTP RESPONSE 200 {"pragma":"no-cache","date":"Wed, 06 Apr 2022 19:40:26 GMT","cache-control":"no-cache, no-store, max-age=0, must-revalidate","expires":"Mon, 01 Jan 1990 00:00:00 GMT","content-type":"application/json; charset=utf-8","vary":"X-Origin, Referer, Origin,Accept-Encoding","server":"scaffolding on HTTPServer2","x-xss-protection":"0","x-frame-options":"SAMEORIGIN","x-content-type-options":"nosniff","alt-svc":"h3=\":443\"; ma=2592000,h3-29=\":443\"; ma=2592000,h3-Q050=\":443\"; ma=2592000,h3-Q046=\":443\"; ma=2592000,h3-Q043=\":443\"; ma=2592000,quic=\":443\"; ma=2592000; v=\"46,43\"","accept-ranges":"none","transfer-encoding":"chunked"}
[debug] [2022-04-06T19:40:26.915Z] >>> [apiv2][query] GET https://firebase.googleapis.com/v1beta1/operations/workflows/ODkzNTE3Y2MtNjM2OC00NWY0LWE2OTQtNTkxYTJkZGU4ZGJj [none]
[debug] [2022-04-06T19:40:28.341Z] <<< [apiv2][status] GET https://firebase.googleapis.com/v1beta1/operations/workflows/ODkzNTE3Y2MtNjM2OC00NWY0LWE2OTQtNTkxYTJkZGU4ZGJj 200
[debug] [2022-04-06T19:40:28.341Z] <<< [apiv2][body] GET https://firebase.googleapis.com/v1beta1/operations/workflows/ODkzNTE3Y2MtNjM2OC00NWY0LWE2OTQtNTkxYTJkZGU4ZGJj {"name":"operations/workflows/ODkzNTE3Y2MtNjM2OC00NWY0LWE2OTQtNTkxYTJkZGU4ZGJj"}
[debug] [2022-04-06T19:40:28.847Z] [Add Firebase Poller] Retrying task index 0
[debug] [2022-04-06T19:40:28.847Z] >>> [apiv2][query] GET https://firebase.googleapis.com/v1beta1/operations/workflows/ODkzNTE3Y2MtNjM2OC00NWY0LWE2OTQtNTkxYTJkZGU4ZGJj [none]
[debug] [2022-04-06T19:40:30.040Z] <<< [apiv2][status] GET https://firebase.googleapis.com/v1beta1/operations/workflows/ODkzNTE3Y2MtNjM2OC00NWY0LWE2OTQtNTkxYTJkZGU4ZGJj 200
[debug] [2022-04-06T19:40:30.040Z] <<< [apiv2][body] GET https://firebase.googleapis.com/v1beta1/operations/workflows/ODkzNTE3Y2MtNjM2OC00NWY0LWE2OTQtNTkxYTJkZGU4ZGJj {"name":"operations/workflows/ODkzNTE3Y2MtNjM2OC00NWY0LWE2OTQtNTkxYTJkZGU4ZGJj"}
[debug] [2022-04-06T19:40:31.051Z] [Add Firebase Poller] Retrying task index 0
[debug] [2022-04-06T19:40:31.053Z] >>> [apiv2][query] GET https://firebase.googleapis.com/v1beta1/operations/workflows/ODkzNTE3Y2MtNjM2OC00NWY0LWE2OTQtNTkxYTJkZGU4ZGJj [none]
[debug] [2022-04-06T19:40:32.548Z] <<< [apiv2][status] GET https://firebase.googleapis.com/v1beta1/operations/workflows/ODkzNTE3Y2MtNjM2OC00NWY0LWE2OTQtNTkxYTJkZGU4ZGJj 200
[debug] [2022-04-06T19:40:32.548Z] <<< [apiv2][body] GET https://firebase.googleapis.com/v1beta1/operations/workflows/ODkzNTE3Y2MtNjM2OC00NWY0LWE2OTQtNTkxYTJkZGU4ZGJj {"name":"operations/workflows/ODkzNTE3Y2MtNjM2OC00NWY0LWE2OTQtNTkxYTJkZGU4ZGJj"}
[debug] [2022-04-06T19:40:34.558Z] [Add Firebase Poller] Retrying task index 0
[debug] [2022-04-06T19:40:34.558Z] >>> [apiv2][query] GET https://firebase.googleapis.com/v1beta1/operations/workflows/ODkzNTE3Y2MtNjM2OC00NWY0LWE2OTQtNTkxYTJkZGU4ZGJj [none]
[debug] [2022-04-06T19:40:35.740Z] <<< [apiv2][status] GET https://firebase.googleapis.com/v1beta1/operations/workflows/ODkzNTE3Y2MtNjM2OC00NWY0LWE2OTQtNTkxYTJkZGU4ZGJj 200
[debug] [2022-04-06T19:40:35.740Z] <<< [apiv2][body] GET https://firebase.googleapis.com/v1beta1/operations/workflows/ODkzNTE3Y2MtNjM2OC00NWY0LWE2OTQtNTkxYTJkZGU4ZGJj {"name":"operations/workflows/ODkzNTE3Y2MtNjM2OC00NWY0LWE2OTQtNTkxYTJkZGU4ZGJj","done":true,"response":{"@type":"type.googleapis.com/google.firebase.service.v1beta1.FirebaseProject","projectId":"monmart-frontend","projectNumber":"26852730300","displayName":"monmart-frontend","name":"projects/monmart-frontend","resources":{"hostingSite":"monmart-frontend"}}}
[info] 
[info] === Your Firebase project is ready! ===
[info] 
[info] Project information:
[info]    - Project ID: monmart-frontend
[info]    - Project Name: monmart-frontend
[info] 
[info] Firebase console is available at
[info] https://console.firebase.google.com/project/monmart-frontend/overview
[info] i  Using project monmart-frontend (monmart-frontend) 
[info] 
=== Hosting Setup
[info] 
[info] Your public directory is the folder (relative to your project directory) that
[info] will contain Hosting assets to be uploaded with firebase deploy. If you
[info] have a build process for your assets, use your build's output directory.
[info] 
[debug] [2022-04-06T19:41:14.945Z] >>> [apiv2][query] GET https://www.gstatic.com/firebasejs/releases.json [none]
[debug] [2022-04-06T19:41:15.182Z] <<< [apiv2][status] GET https://www.gstatic.com/firebasejs/releases.json 200
[debug] [2022-04-06T19:41:15.183Z] <<< [apiv2][body] GET https://www.gstatic.com/firebasejs/releases.json {"current":{"version":"9.6.10","browserURL":"https://www.gstatic.com/firebasejs/9.6.10/firebase.js","packageURL":"https://www.gstatic.com/firebasejs/9.6.10/firebase.tgz"},"live":{"version":"9.6","browserURL":"https://www.gstatic.com/firebasejs/live/9.6/firebase.js","packageURL":"https://www.gstatic.com/firebasejs/live/9.6/firebase.tgz"},"components":{"analytics":"https://www.gstatic.com/firebasejs/9.6.10/firebase-analytics.js","app":"https://www.gstatic.com/firebasejs/9.6.10/firebase-app.js","app-check":"https://www.gstatic.com/firebasejs/9.6.10/firebase-app-check.js","auth":"https://www.gstatic.com/firebasejs/9.6.10/firebase-auth.js","auth/cordova":"https://www.gstatic.com/firebasejs/9.6.10/firebase-auth/cordova.js","auth/react-native":"https://www.gstatic.com/firebasejs/9.6.10/firebase-auth/react-native.js","functions":"https://www.gstatic.com/firebasejs/9.6.10/firebase-functions.js","firestore":"https://www.gstatic.com/firebasejs/9.6.10/firebase-firestore.js","firestore/lite":"https://www.gstatic.com/firebasejs/9.6.10/firebase-firestore/lite.js","storage":"https://www.gstatic.com/firebasejs/9.6.10/firebase-storage.js","performance":"https://www.gstatic.com/firebasejs/9.6.10/firebase-performance.js","remote-config":"https://www.gstatic.com/firebasejs/9.6.10/firebase-remote-config.js","messaging":"https://www.gstatic.com/firebasejs/9.6.10/firebase-messaging.js","messaging/sw":"https://www.gstatic.com/firebasejs/9.6.10/firebase-messaging/sw.js","database":"https://www.gstatic.com/firebasejs/9.6.10/firebase-database.js","firestore.memory":"https://www.gstatic.com/firebasejs/9.6.10/firebase-firestore.memory.js"}}
[info] i  Skipping write of build/index.html 
[info] 
[info] i  Didn't detect a .git folder. Assuming E:\MERN_APP\monmart\monmart-frontend is the project root. 
[info] i  Authorizing with GitHub to upload your service account to a GitHub repository's secrets store. 
[info] 
[info] Visit this URL on this device to log in:
[info] https://github.com/login/oauth/authorize?client_id=89cf50f02ac6aaed3484&state=808448133&redirect_uri=http%3A%2F%2Flocalhost%3A9005&scope=read%3Auser%20repo%20public_repo
[info] 
[info] Waiting for authentication...
[debug] [2022-04-06T19:41:50.647Z] >>> HTTP REQUEST POST https://github.com/login/oauth/access_token  
 {"client_id":"89cf50f02ac6aaed3484","client_secret":"3330d14abc895d9a74d5f17cd7a00711fa2c5bf0","code":"20bf46b41f702759ed48","redirect_uri":"http://localhost:9005","state":"808448133"}
[debug] [2022-04-06T19:41:51.626Z] <<< HTTP RESPONSE 200 {"server":"GitHub.com","date":"Wed, 06 Apr 2022 19:41:51 GMT","content-type":"application/json; charset=utf-8","transfer-encoding":"chunked","vary":"X-PJAX, X-PJAX-Container, Accept-Encoding, Accept, X-Requested-With","permissions-policy":"interest-cohort=()","etag":"W/\"03f9c8aa0ddb39bc136c64ed9d2b599c\"","cache-control":"max-age=0, private, must-revalidate","strict-transport-security":"max-age=31536000; includeSubdomains; preload","x-frame-options":"deny","x-content-type-options":"nosniff","x-xss-protection":"0","referrer-policy":"origin-when-cross-origin, strict-origin-when-cross-origin","expect-ct":"max-age=2592000, report-uri=\"https://api.github.com/_private/browser/errors\"","content-security-policy":"default-src 'none'; base-uri 'self'; block-all-mixed-content; child-src github.com/assets-cdn/worker/ gist.github.com/assets-cdn/worker/; connect-src 'self' uploads.github.com objects-origin.githubusercontent.com www.githubstatus.com collector.github.com raw.githubusercontent.com api.github.com github-cloud.s3.amazonaws.com github-production-repository-file-5c1aeb.s3.amazonaws.com github-production-upload-manifest-file-7fdce7.s3.amazonaws.com github-production-user-asset-6210df.s3.amazonaws.com cdn.optimizely.com logx.optimizely.com/v1/events translator.github.com *.actions.githubusercontent.com wss://*.actions.githubusercontent.com online.visualstudio.com/api/v1/locations github-production-repository-image-32fea6.s3.amazonaws.com github-production-release-asset-2e65be.s3.amazonaws.com insights.github.com wss://alive.github.com; font-src github.githubassets.com; form-action 'self' github.com gist.github.com objects-origin.githubusercontent.com; frame-ancestors 'none'; frame-src render.githubusercontent.com viewscreen.githubusercontent.com notebooks.githubusercontent.com; img-src 'self' data: github.githubassets.com identicons.github.com github-cloud.s3.amazonaws.com secured-user-images.githubusercontent.com/ *.githubusercontent.com; manifest-src 'self'; media-src github.com user-images.githubusercontent.com/; script-src github.githubassets.com; style-src 'unsafe-inline' github.githubassets.com; worker-src github.com/assets-cdn/worker/ gist.github.com/assets-cdn/worker/","x-github-request-id":"FA2D:4B52:68248A:7D6626:624DECFE"}
[debug] [2022-04-06T19:41:51.638Z] >>> [apiv2][query] GET https://api.github.com/user [none]
[debug] [2022-04-06T19:41:52.315Z] <<< [apiv2][status] GET https://api.github.com/user 200
[debug] [2022-04-06T19:41:52.315Z] <<< [apiv2][body] GET https://api.github.com/user {"login":"sehabur","id":103115518,"node_id":"U_kgDOBiVq_g","avatar_url":"https://avatars.githubusercontent.com/u/103115518?v=4","gravatar_id":"","url":"https://api.github.com/users/sehabur","html_url":"https://github.com/sehabur","followers_url":"https://api.github.com/users/sehabur/followers","following_url":"https://api.github.com/users/sehabur/following{/other_user}","gists_url":"https://api.github.com/users/sehabur/gists{/gist_id}","starred_url":"https://api.github.com/users/sehabur/starred{/owner}{/repo}","subscriptions_url":"https://api.github.com/users/sehabur/subscriptions","organizations_url":"https://api.github.com/users/sehabur/orgs","repos_url":"https://api.github.com/users/sehabur/repos","events_url":"https://api.github.com/users/sehabur/events{/privacy}","received_events_url":"https://api.github.com/users/sehabur/received_events","type":"User","site_admin":false,"name":null,"company":null,"blog":"","location":null,"email":null,"hireable":null,"bio":null,"twitter_username":null,"public_repos":1,"public_gists":0,"followers":0,"following":0,"created_at":"2022-04-06T11:12:54Z","updated_at":"2022-04-06T11:12:54Z","private_gists":0,"total_private_repos":0,"owned_private_repos":0,"disk_usage":208,"collaborators":0,"two_factor_authentication":false,"plan":{"name":"free","space":976562499,"collaborators":0,"private_repos":10000}}
[info] 
[info] +  Success! Logged into GitHub as sehabur 
[info] 
